\BOOKMARK [0][-]{chapter.1}{\376\377\004\043\004\062\004\076\004\064}{}% 1
\BOOKMARK [0][-]{chapter.2}{\376\377\004\036\000\040\004\077\004\100\004\076\004\061\004\073\004\065\004\074\004\103}{}% 2
\BOOKMARK [1][-]{section.2.1}{\376\377\004\044\004\076\004\100\004\074\004\103\004\073\004\060\004\106\004\070\004\130\004\060\000\040\004\077\004\100\004\076\004\061\004\073\004\065\004\074\004\060}{chapter.2}% 3
\BOOKMARK [1][-]{section.2.2}{\376\377\004\034\004\060\004\110\004\070\004\075\004\101\004\072\004\076\000\040\004\103\004\107\004\065\004\132\004\065}{chapter.2}% 4
\BOOKMARK [1][-]{section.2.3}{\376\377\004\041\004\072\004\103\004\077\000\040\004\077\004\076\004\064\004\060\004\102\004\060\004\072\004\060}{chapter.2}% 5
\BOOKMARK [1][-]{section.2.4}{\376\377\004\035\004\065\004\103\004\100\004\076\004\075\004\101\004\072\004\065\000\040\004\074\004\100\004\065\004\066\004\065}{chapter.2}% 6
\BOOKMARK [2][-]{subsection.2.4.1}{\376\377\004\037\004\076\004\102\004\077\004\103\004\075\004\076\000\040\004\077\004\076\004\062\004\065\004\067\004\060\004\075\004\065\000\040\004\075\004\065\004\103\004\100\004\076\004\075\004\101\004\072\004\065\000\040\004\074\004\100\004\065\004\066\004\065}{section.2.4}% 7
\BOOKMARK [2][-]{subsection.2.4.2}{\376\377\004\032\004\076\004\075\004\062\004\076\004\073\004\103\004\106\004\070\004\076\004\075\004\065\000\040\004\075\004\065\004\103\004\100\004\076\004\075\004\101\004\072\004\065\000\040\004\074\004\100\004\065\004\066\004\065}{section.2.4}% 8
\BOOKMARK [2][-]{subsection.2.4.3}{\376\377\004\040\004\065\004\072\004\103\004\100\004\065\004\075\004\102\004\075\004\065\000\040\004\075\004\065\004\103\004\100\004\076\004\075\004\101\004\072\004\065\000\040\004\074\004\100\004\065\004\066\004\065}{section.2.4}% 9
\BOOKMARK [2][-]{subsection.2.4.4}{\376\377\004\040\004\065\004\073\004\060\004\106\004\070\004\076\004\075\004\065\000\040\004\075\004\065\004\103\004\100\004\076\004\075\004\101\004\072\004\065\000\040\004\074\004\100\004\065\004\066\004\065}{section.2.4}% 10
\BOOKMARK [1][-]{section.2.5}{\376\377\004\020\004\072\004\102\004\070\004\062\004\060\004\106\004\070\004\076\004\075\004\065\000\040\004\044\004\103\004\075\004\072\004\106\004\070\004\130\004\065}{chapter.2}% 11
\BOOKMARK [2][-]{subsection.2.5.1}{\376\377\004\044\004\103\004\075\004\072\004\106\004\070\004\130\004\060\000\040\004\060\004\072\004\102\004\070\004\062\004\060\004\106\004\070\004\130\004\065\000\040\004\070\004\101\004\077\004\100\004\060\004\062\004\131\004\060\004\107\004\060}{section.2.5}% 12
\BOOKMARK [2][-]{subsection.2.5.2}{\376\377\004\045\004\070\004\077\004\065\004\100\004\061\004\076\004\073\004\070\004\107\004\072\004\070\000\040\004\102\004\060\004\075\004\063\004\065\004\075\004\101}{section.2.5}% 13
\BOOKMARK [2][-]{subsection.2.5.3}{\376\377\004\041\004\070\004\063\004\074\004\076\004\070\004\064\004\075\004\060\000\040\004\104\004\103\004\075\004\072\004\106\004\070\004\130\004\060}{section.2.5}% 14
\BOOKMARK [1][-]{section.2.6}{\376\377\004\044\004\103\004\075\004\072\004\106\004\070\004\130\004\065\000\040\004\063\004\100\004\065\004\110\004\072\004\065}{chapter.2}% 15
\BOOKMARK [2][-]{subsection.2.6.1}{\376\377\004\043\004\075\004\060\004\072\004\100\004\101\004\075\004\060\000\040\004\065\004\075\004\102\004\100\004\076\004\077\004\070\004\130\004\060}{section.2.6}% 16
\BOOKMARK [1][-]{section.2.7}{\376\377\004\036\004\077\004\102\004\070\004\074\004\070\004\067\004\060\004\102\004\076\004\100\004\070\000\040\004\074\004\076\004\064\004\065\004\073\004\060}{chapter.2}% 17
\BOOKMARK [2][-]{subsection.2.7.1}{\376\377\004\041\004\102\004\076\004\105\004\060\004\101\004\102\004\070\004\107\004\072\004\070\000\040\004\101\004\077\004\103\004\101\004\102\000\040\000\050\000S\000t\000o\000c\000h\000a\000s\000t\000i\000c\000\040\000g\000r\000a\000d\000i\000e\000n\000t\000\040\000d\000e\000s\000c\000e\000n\000t\000\040\000-\000\040\000S\000G\000D\000\051}{section.2.7}% 18
\BOOKMARK [2][-]{subsection.2.7.2}{\376\377\004\020\004\064\004\060\004\074\000\040\000\050\000A\000d\000a\000p\000t\000i\000v\000e\000\040\000M\000o\000m\000e\000n\000t\000\040\000E\000s\000t\000i\000m\000a\000t\000i\000o\000n\000\040\000-\000\040\000A\000d\000a\000m\000\051}{section.2.7}% 19
\BOOKMARK [1][-]{section.2.8}{\376\377\004\042\004\065\004\105\004\075\004\070\004\072\004\065\000\040\004\100\004\065\004\063\004\103\004\073\004\060\004\100\004\070\004\067\004\060\004\106\004\070\004\130\004\065\000\040\004\070\000\040\004\103\004\061\004\100\004\067\004\060\004\062\004\060\004\132\004\060\000\040\004\072\004\076\004\075\004\062\004\065\004\100\004\063\004\065\004\075\004\106\004\070\004\130\004\065}{chapter.2}% 20
\BOOKMARK [2][-]{subsection.2.8.1}{\376\377\004\030\004\067\004\076\004\101\004\102\004\060\004\062\004\132\004\060\004\132\004\065\000\040\004\075\004\065\004\103\004\100\004\076\004\075\004\060\000\040\000\050\000D\000r\000o\000p\000o\000u\000t\000\051}{section.2.8}% 21
\BOOKMARK [2][-]{subsection.2.8.2}{\376\377\004\035\004\076\004\100\004\074\004\060\004\073\004\070\004\067\004\060\004\106\004\070\004\130\004\060\000\040\004\063\004\076\004\074\004\070\004\073\004\065\000\040\000\050\000B\000a\000t\000c\000h\000\040\000N\000o\000r\000m\000a\000l\000i\000z\000a\000t\000i\000o\000n\000\051}{section.2.8}% 22
\BOOKMARK [1][-]{section.2.9}{\376\377\004\024\004\076\004\064\004\060\004\102\004\075\000e\000\040\004\104\004\103\004\075\004\072\004\106\004\070\004\130\004\065\000\040\004\070\000\040\004\101\004\073\004\076\004\130\004\065\004\062\004\070}{chapter.2}% 23
\BOOKMARK [2][-]{subsection.2.9.1}{\376\377\004\041\004\076\004\104\004\102\004\074\004\060\004\072\004\101\000\040\000\050\000s\000o\000f\000t\000m\000a\000x\000\051}{section.2.9}% 24
\BOOKMARK [2][-]{subsection.2.9.2}{\376\377\004\044\004\103\004\075\004\072\004\106\004\070\004\130\004\060\000\040\004\075\004\060\004\130\004\062\004\065\004\133\004\065\004\063\000\040\004\060\004\100\004\063\004\103\004\074\004\065\004\075\004\102\004\060\000\040\000\050\000a\000r\000g\000m\000a\000x\000\051}{section.2.9}% 25
\BOOKMARK [0][-]{chapter.3}{\376\377\004\032\004\076\004\100\004\070\004\110\004\133\004\065\004\075\004\065\000\040\004\102\004\065\004\105\004\075\004\076\004\073\004\076\004\063\004\070\004\130\004\065}{}% 26
\BOOKMARK [1][-]{section.3.1}{\376\377\000P\000y\000t\000h\000o\000n\0003}{chapter.3}% 27
\BOOKMARK [1][-]{section.3.2}{\376\377\000T\000o\000r\000c\000h}{chapter.3}% 28
\BOOKMARK [1][-]{section.3.3}{\376\377\000M\000a\000t\000P\000l\000o\000t\000L\000i\000b}{chapter.3}% 29
\BOOKMARK [0][-]{chapter.4}{\376\377\004\036\004\077\004\070\004\101\000\040\004\100\004\065\004\110\004\065\004\132\004\060}{}% 30
\BOOKMARK [1][-]{section.4.1}{\376\377\004\020\004\100\004\105\004\070\004\102\004\065\004\072\004\102\004\103\004\100\004\065\000\040\004\075\004\065\004\103\004\100\004\076\004\075\004\101\004\072\004\070\004\105\000\040\004\074\004\100\004\065\004\066\004\060}{chapter.4}% 31
\BOOKMARK [2][-]{subsection.4.1.1}{\376\377\004\032\004\076\004\075\004\062\004\076\004\073\004\103\004\106\004\070\004\076\004\075\004\060\000\040\004\074\004\100\004\065\004\066\004\060\000\040\004\101\004\060\000\040\004\077\004\076\004\102\004\077\004\103\004\075\004\076\000\040\004\077\004\076\004\062\004\065\004\067\004\060\004\075\004\070\004\074\000\040\004\101\004\073\004\076\004\130\004\065\004\062\004\070\004\074\004\060}{section.4.1}% 32
\BOOKMARK [2][-]{subsection.4.1.2}{\376\377\004\032\004\076\004\075\004\062\004\076\004\073\004\103\004\106\004\070\004\076\004\075\004\060\000\040\004\074\004\100\004\065\004\066\004\060\000\040\004\101\004\060\000\040\004\024\004\032\004\034\000\040\004\061\004\073\004\076\004\072\004\076\004\062\004\070\004\074\004\060}{section.4.1}% 33
\BOOKMARK [2][-]{subsection.4.1.3}{\376\377\004\032\004\076\004\075\004\062\004\076\004\073\004\103\004\106\004\070\004\076\004\075\004\060\000\040\004\074\004\100\004\065\004\066\004\060\000\040\004\101\004\060\000\040\004\040\004\035\004\035}{section.4.1}% 34
\BOOKMARK [1][-]{section.4.2}{\376\377\004\020\004\100\004\105\004\070\004\102\004\065\004\072\004\102\004\103\004\100\000a\000\040\004\101\004\076\004\104\004\102\004\062\004\065\004\100\004\060}{chapter.4}% 35
\BOOKMARK [1][-]{section.4.3}{\376\377\004\044\004\103\004\075\004\072\004\106\004\070\004\130\004\060\000\040\004\063\004\103\004\061\004\070\004\102\004\072\004\060\000,\000\040\004\076\004\077\004\102\004\070\004\074\004\070\004\067\004\060\004\102\004\076\004\100\000\040\004\070\000\040\004\103\004\107\004\070\004\102\004\060\004\062\004\060\004\132\004\065\000\040\004\077\004\076\004\064\004\060\004\102\004\060\004\072\004\060}{chapter.4}% 36
\BOOKMARK [0][-]{chapter.5}{\376\377\004\040\004\065\004\067\004\103\004\073\004\102\004\060\004\102\004\070\000\040\004\070\000\040\004\064\004\070\004\101\004\072\004\103\004\101\004\070\004\130\004\060}{}% 37
\BOOKMARK [1][-]{section.5.1}{\376\377\004\042\004\065\004\101\004\102\000\040\004\077\004\073\004\060\004\102\004\104\004\076\004\100\004\074\004\060}{chapter.5}% 38
\BOOKMARK [1][-]{section.5.2}{\376\377\004\034\004\065\004\102\004\076\004\064\004\076\004\073\004\076\004\063\004\070\004\130\004\060\000\040\004\102\004\065\004\101\004\102\004\070\004\100\004\060\004\132\004\060}{chapter.5}% 39
\BOOKMARK [1][-]{section.5.3}{\376\377\004\040\004\065\004\067\004\103\004\073\004\102\004\060\004\102\004\070\000\040\004\070\000\040\004\064\004\070\004\101\004\072\004\103\004\101\004\070\004\130\004\060}{chapter.5}% 40
\BOOKMARK [2][-]{subsection.5.3.1}{\376\377\004\036\004\061\004\103\004\107\004\060\004\062\004\060\004\132\004\065\000\040\004\074\004\076\004\064\004\065\004\073\004\060}{section.5.3}% 41
\BOOKMARK [2][-]{subsection.5.3.2}{\376\377\004\040\004\065\004\067\004\103\004\073\004\102\004\060\004\102\004\070}{section.5.3}% 42
\BOOKMARK [0][-]{chapter.6}{\376\377\004\027\004\060\004\072\004\131\004\103\004\107\004\060\004\072\000\040}{}% 43
